Arguments: 
  /usr/local/bin/node /usr/local/bin/yarn add hydrabolt/discord.js#indev

PATH: 
  /home/curtis/bin:/home/curtis/.local/bin:/usr/local/sbin:/usr/local/bin:/usr/sbin:/usr/bin:/sbin:/bin:/usr/games:/usr/local/games:/usr/lib/jvm/java-7-oracle/bin:/usr/lib/jvm/java-7-oracle/db/bin:/usr/lib/jvm/java-7-oracle/jre/bin:/bin:/usr/bin:/sbin:/usr/sbin:/opt/devkitPro/devkitARM/bin:/opt/devkitPro/devkitARM/bin:/opt/devkitPro/devkitARM/bin

Yarn version: 
  0.16.0

Node version: 
  6.8.1

Platform: 
  linux x64

npm manifest: 
  {
    "dependencies": {},
    "name": "Beheeyem",
    "version": "0.0.1",
    "description": "Pokemon-based Discord Bot.",
    "main": "beheeyem.js",
    "author": "110Percent",
    "license": "MIT",
    "scripts": {
      "start": "node beheeyem.js"
    }
  }

yarn manifest: 
  No manifest

bower manifest: 
  No manifest

Lockfile: 
  No lockfile

Trace: 
  Error: EACCES: permission denied, mkdir '/home/curtis/.yarn-cache/npm-@types/node-6.0.54'
      at Error (native)
